nohup: ignoring input
Forwarding from 127.0.0.1:9090 -> 8080
Forwarding from [::1]:9090 -> 8080
Handling connection for 9090
Handling connection for 9090
Handling connection for 9090
Handling connection for 9090
Handling connection for 9090
Handling connection for 9090
Handling connection for 9090
Handling connection for 9090
Handling connection for 9090
Handling connection for 9090
Handling connection for 9090
Handling connection for 9090
Handling connection for 9090
Handling connection for 9090
Handling connection for 9090
Handling connection for 9090
Handling connection for 9090
Handling connection for 9090
Handling connection for 9090
Handling connection for 9090
Handling connection for 9090
Handling connection for 9090
Handling connection for 9090
Handling connection for 9090
Handling connection for 9090
Handling connection for 9090
Handling connection for 9090
Handling connection for 9090
Handling connection for 9090
Handling connection for 9090
Handling connection for 9090
Handling connection for 9090
Handling connection for 9090
Handling connection for 9090
Handling connection for 9090
Handling connection for 9090
Handling connection for 9090
Handling connection for 9090
Handling connection for 9090
Handling connection for 9090
Handling connection for 9090
Handling connection for 9090
Handling connection for 9090
Handling connection for 9090
Handling connection for 9090
Handling connection for 9090
Handling connection for 9090
Handling connection for 9090
Handling connection for 9090
Handling connection for 9090
Handling connection for 9090
Handling connection for 9090
Handling connection for 9090
Handling connection for 9090
Handling connection for 9090
Handling connection for 9090
Handling connection for 9090
Handling connection for 9090
Handling connection for 9090
Handling connection for 9090
Handling connection for 9090
Handling connection for 9090
Handling connection for 9090
Handling connection for 9090
Handling connection for 9090
Handling connection for 9090
Handling connection for 9090
Handling connection for 9090
E0419 13:42:20.656298    2821 portforward.go:424] "Unhandled Error" err="an error occurred forwarding 9090 -> 8080: error forwarding port 8080 to pod 06291f63089b0a4d83b9e9fad9c72ec36a3a5c29b9d8f852beaa1802cd4292fc, uid : failed to execute portforward in network namespace \"/var/run/netns/cni-eeb37f8e-6c40-b31f-af8a-afbb91613f72\": failed to connect to localhost:8080 inside namespace \"06291f63089b0a4d83b9e9fad9c72ec36a3a5c29b9d8f852beaa1802cd4292fc\", IPv4: dial tcp4 127.0.0.1:8080: connect: connection refused IPv6 dial tcp6 [::1]:8080: connect: connection refused "
E0419 13:42:20.656316    2821 portforward.go:424] "Unhandled Error" err="an error occurred forwarding 9090 -> 8080: error forwarding port 8080 to pod 06291f63089b0a4d83b9e9fad9c72ec36a3a5c29b9d8f852beaa1802cd4292fc, uid : failed to execute portforward in network namespace \"/var/run/netns/cni-eeb37f8e-6c40-b31f-af8a-afbb91613f72\": failed to connect to localhost:8080 inside namespace \"06291f63089b0a4d83b9e9fad9c72ec36a3a5c29b9d8f852beaa1802cd4292fc\", IPv4: dial tcp4 127.0.0.1:8080: connect: connection refused IPv6 dial tcp6 [::1]:8080: connect: connection refused "
E0419 13:42:20.656149    2821 portforward.go:424] "Unhandled Error" err="an error occurred forwarding 9090 -> 8080: error forwarding port 8080 to pod 06291f63089b0a4d83b9e9fad9c72ec36a3a5c29b9d8f852beaa1802cd4292fc, uid : failed to execute portforward in network namespace \"/var/run/netns/cni-eeb37f8e-6c40-b31f-af8a-afbb91613f72\": failed to connect to localhost:8080 inside namespace \"06291f63089b0a4d83b9e9fad9c72ec36a3a5c29b9d8f852beaa1802cd4292fc\", IPv4: dial tcp4 127.0.0.1:8080: connect: connection refused IPv6 dial tcp6 [::1]:8080: connect: connection refused "
E0419 13:42:20.656349    2821 portforward.go:424] "Unhandled Error" err="an error occurred forwarding 9090 -> 8080: error forwarding port 8080 to pod 06291f63089b0a4d83b9e9fad9c72ec36a3a5c29b9d8f852beaa1802cd4292fc, uid : failed to execute portforward in network namespace \"/var/run/netns/cni-eeb37f8e-6c40-b31f-af8a-afbb91613f72\": failed to connect to localhost:8080 inside namespace \"06291f63089b0a4d83b9e9fad9c72ec36a3a5c29b9d8f852beaa1802cd4292fc\", IPv4: dial tcp4 127.0.0.1:8080: connect: connection refused IPv6 dial tcp6 [::1]:8080: connect: connection refused "
E0419 13:42:20.656363    2821 portforward.go:424] "Unhandled Error" err="an error occurred forwarding 9090 -> 8080: error forwarding port 8080 to pod 06291f63089b0a4d83b9e9fad9c72ec36a3a5c29b9d8f852beaa1802cd4292fc, uid : failed to execute portforward in network namespace \"/var/run/netns/cni-eeb37f8e-6c40-b31f-af8a-afbb91613f72\": failed to connect to localhost:8080 inside namespace \"06291f63089b0a4d83b9e9fad9c72ec36a3a5c29b9d8f852beaa1802cd4292fc\", IPv4: dial tcp4 127.0.0.1:8080: connect: connection refused IPv6 dial tcp6 [::1]:8080: connect: connection refused "
E0419 13:42:20.656324    2821 portforward.go:424] "Unhandled Error" err="an error occurred forwarding 9090 -> 8080: error forwarding port 8080 to pod 06291f63089b0a4d83b9e9fad9c72ec36a3a5c29b9d8f852beaa1802cd4292fc, uid : failed to execute portforward in network namespace \"/var/run/netns/cni-eeb37f8e-6c40-b31f-af8a-afbb91613f72\": failed to connect to localhost:8080 inside namespace \"06291f63089b0a4d83b9e9fad9c72ec36a3a5c29b9d8f852beaa1802cd4292fc\", IPv4: dial tcp4 127.0.0.1:8080: connect: connection refused IPv6 dial tcp6 [::1]:8080: connect: connection refused "
error: lost connection to pod
