nohup: ignoring input

  .   ____          _            __ _ _
 /\\ / ___'_ __ _ _(_)_ __  __ _ \ \ \ \
( ( )\___ | '_ | '_| | '_ \/ _` | \ \ \ \
 \\/  ___)| |_)| | | | | || (_| |  ) ) ) )
  '  |____| .__|_| |_|_| |_\__, | / / / /
 =========|_|==============|___/=/_/_/_/
 :: Spring Boot ::                (v3.2.0)

2026-04-03T10:51:52.580+05:30  INFO 2041 --- [           main] com.example.Application                  : Starting Application v1.0 using Java 17.0.18 with PID 2041 (/home/sony/Day2/Java_Backend/target/simple_java-1.0.jar started by sony in /home/sony/Day2/Java_Backend/target)
2026-04-03T10:51:52.583+05:30  INFO 2041 --- [           main] com.example.Application                  : No active profile set, falling back to 1 default profile: "default"
2026-04-03T10:51:53.821+05:30  INFO 2041 --- [           main] o.s.b.w.embedded.tomcat.TomcatWebServer  : Tomcat initialized with port 9090 (http)
2026-04-03T10:51:53.831+05:30  INFO 2041 --- [           main] o.apache.catalina.core.StandardService   : Starting service [Tomcat]
2026-04-03T10:51:53.831+05:30  INFO 2041 --- [           main] o.apache.catalina.core.StandardEngine    : Starting Servlet engine: [Apache Tomcat/10.1.16]
2026-04-03T10:51:53.876+05:30  INFO 2041 --- [           main] o.a.c.c.C.[Tomcat].[localhost].[/]       : Initializing Spring embedded WebApplicationContext
2026-04-03T10:51:53.878+05:30  INFO 2041 --- [           main] w.s.c.ServletWebServerApplicationContext : Root WebApplicationContext: initialization completed in 1166 ms
2026-04-03T10:51:54.297+05:30  INFO 2041 --- [           main] o.s.b.w.embedded.tomcat.TomcatWebServer  : Tomcat started on port 9090 (http) with context path ''
2026-04-03T10:51:54.313+05:30  INFO 2041 --- [           main] com.example.Application                  : Started Application in 2.217 seconds (process running for 2.643)
2026-04-03T10:51:58.969+05:30  INFO 2041 --- [nio-9090-exec-1] o.a.c.c.C.[Tomcat].[localhost].[/]       : Initializing Spring DispatcherServlet 'dispatcherServlet'
2026-04-03T10:51:58.969+05:30  INFO 2041 --- [nio-9090-exec-1] o.s.web.servlet.DispatcherServlet        : Initializing Servlet 'dispatcherServlet'
2026-04-03T10:51:58.970+05:30  INFO 2041 --- [nio-9090-exec-1] o.s.web.servlet.DispatcherServlet        : Completed initialization in 1 ms
